22:17:02.554  INFO  manager.ApplicationManager - All tests run in chrome browser
22:17:03.365  INFO  manager.ApplicationManager - Current Url----> https://contacts-app.tobbymarshall815.vercel.app/home
22:17:03.436  INFO  tests.TestBase - Start method with name -->loginNegativeTestsWrongEmail
22:17:03.439  INFO  manager.MyListener - New Before find by By.xpath: //button[text()='Sign Out']
22:17:08.508  INFO  manager.MyListener - WebDriver start find element--->By.cssSelector: a[href='/login']
22:17:08.652  INFO  manager.MyListener - WebDriver start find element--->By.xpath: //input[1]
22:17:09.313  INFO  manager.MyListener - WebDriver start find element--->By.xpath: //input[22]
22:17:14.383  INFO  manager.MyListener - The name of method with error-->findElement
22:17:14.387  INFO  manager.MyListener - We have a problem--->org.openqa.selenium.NoSuchElementException: no such element: Unable to locate element: {"method":"xpath","selector":"//input[22]"}
  (Session info: chrome=103.0.5060.114)
For documentation on this error, please visit: https://selenium.dev/exceptions/#no_such_element
Build info: version: '4.2.2', revision: '683ccb65d6'
System info: host: 'DESKTOP-K3383S5', ip: '10.100.102.60', os.name: 'Windows 10', os.arch: 'amd64', os.version: '10.0', java.version: '11.0.15.1'
Driver info: org.openqa.selenium.chrome.ChromeDriver
Command: [50c9f6fdc2633a36ee140e59366eed2d, findElement {using=xpath, value=//input[22]}]
Capabilities {acceptInsecureCerts: false, browserName: chrome, browserVersion: 103.0.5060.114, chrome: {chromedriverVersion: 102.0.5005.61 (0e59bcc00cc4..., userDataDir: C:\Users\Admin\AppData\Loca...}, goog:chromeOptions: {debuggerAddress: localhost:59467}, networkConnectionEnabled: false, pageLoadStrategy: normal, platformName: WINDOWS, proxy: Proxy(), se:cdp: ws://localhost:59467/devtoo..., se:cdpVersion: 103.0.5060.114, setWindowRect: true, strictFileInteractability: false, timeouts: {implicit: 0, pageLoad: 300000, script: 30000}, unhandledPromptBehavior: dismiss and notify, webauthn:extension:credBlob: true, webauthn:extension:largeBlob: true, webauthn:virtualAuthenticators: true}
Session ID: 50c9f6fdc2633a36ee140e59366eed2d
22:17:14.396  INFO  tests.TestBase - Start method with name -->loginSuccess
22:17:14.397  INFO  manager.MyListener - New Before find by By.xpath: //button[text()='Sign Out']
22:17:19.406  INFO  manager.MyListener - WebDriver start find element--->By.cssSelector: a[href='/login']
22:17:19.486  INFO  manager.MyListener - WebDriver start find element--->By.xpath: //input[1]
22:17:20.088  INFO  manager.MyListener - WebDriver start find element--->By.xpath: //input[22]
22:17:25.106  INFO  manager.MyListener - The name of method with error-->findElement
22:17:25.107  INFO  manager.MyListener - We have a problem--->org.openqa.selenium.NoSuchElementException: no such element: Unable to locate element: {"method":"xpath","selector":"//input[22]"}
  (Session info: chrome=103.0.5060.114)
For documentation on this error, please visit: https://selenium.dev/exceptions/#no_such_element
Build info: version: '4.2.2', revision: '683ccb65d6'
System info: host: 'DESKTOP-K3383S5', ip: '10.100.102.60', os.name: 'Windows 10', os.arch: 'amd64', os.version: '10.0', java.version: '11.0.15.1'
Driver info: org.openqa.selenium.chrome.ChromeDriver
Command: [50c9f6fdc2633a36ee140e59366eed2d, findElement {using=xpath, value=//input[22]}]
Capabilities {acceptInsecureCerts: false, browserName: chrome, browserVersion: 103.0.5060.114, chrome: {chromedriverVersion: 102.0.5005.61 (0e59bcc00cc4..., userDataDir: C:\Users\Admin\AppData\Loca...}, goog:chromeOptions: {debuggerAddress: localhost:59467}, networkConnectionEnabled: false, pageLoadStrategy: normal, platformName: WINDOWS, proxy: Proxy(), se:cdp: ws://localhost:59467/devtoo..., se:cdpVersion: 103.0.5060.114, setWindowRect: true, strictFileInteractability: false, timeouts: {implicit: 0, pageLoad: 300000, script: 30000}, unhandledPromptBehavior: dismiss and notify, webauthn:extension:credBlob: true, webauthn:extension:largeBlob: true, webauthn:virtualAuthenticators: true}
Session ID: 50c9f6fdc2633a36ee140e59366eed2d
